<?xml version="1.0" encoding="UTF-8"?>
<coverage generated="1689109456931" clover="3.2.0">
  <project timestamp="1689109456931" name="All files">
    <metrics statements="5" coveredstatements="5" conditionals="0" coveredconditionals="0" methods="2" coveredmethods="2" elements="7" coveredelements="7" complexity="0" loc="5" ncloc="5" packages="1" files="1" classes="1"/>
    <file name="SaprotoApiService.ts" path="/Users/menkeveerman/protube-v2/backend/src/Services/SaprotoApiService.ts">
      <metrics statements="5" coveredstatements="5" conditionals="0" coveredconditionals="0" methods="2" coveredmethods="2"/>
      <line num="11" count="1" type="stmt"/>
      <line num="14" count="1" type="stmt"/>
      <line num="28" count="1" type="stmt"/>
      <line num="29" count="1" type="stmt"/>
      <line num="30" count="1" type="stmt"/>
    </file>
  </project>
</coverage>
