{"/Users/menkeveerman/protube-v2/backend/src/Services/SaprotoApiService.ts": {"path":"/Users/menkeveerman/protube-v2/backend/src/Services/SaprotoApiService.ts","statementMap":{"0":{"start":{"line":11,"column":17},"end":{"line":11,"column":64}},"1":{"start":{"line":14,"column":4},"end":{"line":18,"column":7}},"2":{"start":{"line":28,"column":21},"end":{"line":28,"column":58}},"3":{"start":{"line":29,"column":4},"end":{"line":29,"column":31}},"4":{"start":{"line":30,"column":4},"end":{"line":30,"column":37}}},"fnMap":{"0":{"name":"Get","decl":{"start":{"line":13,"column":15},"end":{"line":13,"column":18}},"loc":{"start":{"line":13,"column":80},"end":{"line":19,"column":1}},"line":13},"1":{"name":"getUserDetails","decl":{"start":{"line":27,"column":22},"end":{"line":27,"column":36}},"loc":{"start":{"line":27,"column":78},"end":{"line":31,"column":1}},"line":27}},"branchMap":{},"s":{"0":1,"1":1,"2":1,"3":1,"4":1},"f":{"0":1,"1":1},"b":{},"_coverageSchema":"1a1c01bbd47fc00a2c39e90264f33305004495a9","hash":"7dfa54dc6edd970a91d21792efa1ad7dbd144fe2"}
}
